[2021-09-04 06:54:47] production.ERROR: Undefined index: name {"exception":"[object] (ErrorException(code: 0): Undefined index: name at C:\\laragon\\www\\cadastro-clientes-laravel\\vendor\\laravel\\framework\\src\\Illuminate\\Foundation\\PackageManifest.php:120)
[stacktrace]
#0 C:\\laragon\\www\\cadastro-clientes-laravel\\vendor\\laravel\\framework\\src\\Illuminate\\Foundation\\PackageManifest.php(120): Illuminate\\Foundation\\Bootstrap\\HandleExceptions->handleError(8, 'Undefined index...', 'C:\\\\laragon\\\\www\\\\...', 120, Array)
#1 C:\\laragon\\www\\cadastro-clientes-laravel\\vendor\\laravel\\framework\\src\\Illuminate\\Support\\Collection.php(1009): Illuminate\\Foundation\\PackageManifest->Illuminate\\Foundation\\{closure}(Array, 'packages')
#2 C:\\laragon\\www\\cadastro-clientes-laravel\\vendor\\laravel\\framework\\src\\Illuminate\\Foundation\\PackageManifest.php(121): Illuminate\\Support\\Collection->mapWithKeys(Object(Closure))
#3 C:\\laragon\\www\\cadastro-clientes-laravel\\vendor\\laravel\\framework\\src\\Illuminate\\Foundation\\PackageManifest.php(97): Illuminate\\Foundation\\PackageManifest->build()
#4 C:\\laragon\\www\\cadastro-clientes-laravel\\vendor\\laravel\\framework\\src\\Illuminate\\Foundation\\PackageManifest.php(80): Illuminate\\Foundation\\PackageManifest->getManifest()
#5 C:\\laragon\\www\\cadastro-clientes-laravel\\vendor\\laravel\\framework\\src\\Illuminate\\Foundation\\Bootstrap\\RegisterFacades.php(26): Illuminate\\Foundation\\PackageManifest->aliases()
#6 C:\\laragon\\www\\cadastro-clientes-laravel\\vendor\\laravel\\framework\\src\\Illuminate\\Foundation\\Application.php(206): Illuminate\\Foundation\\Bootstrap\\RegisterFacades->bootstrap(Object(Illuminate\\Foundation\\Application))
#7 C:\\laragon\\www\\cadastro-clientes-laravel\\vendor\\laravel\\framework\\src\\Illuminate\\Foundation\\Console\\Kernel.php(297): Illuminate\\Foundation\\Application->bootstrapWith(Array)
#8 C:\\laragon\\www\\cadastro-clientes-laravel\\vendor\\laravel\\framework\\src\\Illuminate\\Foundation\\Console\\Kernel.php(120): Illuminate\\Foundation\\Console\\Kernel->bootstrap()
#9 C:\\laragon\\www\\cadastro-clientes-laravel\\artisan(37): Illuminate\\Foundation\\Console\\Kernel->handle(Object(Symfony\\Component\\Console\\Input\\ArgvInput), Object(Symfony\\Component\\Console\\Output\\ConsoleOutput))
#10 {main}
"} 
[2021-09-04 07:01:13] production.ERROR: Undefined index: name {"exception":"[object] (ErrorException(code: 0): Undefined index: name at C:\\laragon\\www\\cadastro-clientes-laravel\\vendor\\laravel\\framework\\src\\Illuminate\\Foundation\\PackageManifest.php:120)
[stacktrace]
#0 C:\\laragon\\www\\cadastro-clientes-laravel\\vendor\\laravel\\framework\\src\\Illuminate\\Foundation\\PackageManifest.php(120): Illuminate\\Foundation\\Bootstrap\\HandleExceptions->handleError(8, 'Undefined index...', 'C:\\\\laragon\\\\www\\\\...', 120, Array)
#1 C:\\laragon\\www\\cadastro-clientes-laravel\\vendor\\laravel\\framework\\src\\Illuminate\\Support\\Collection.php(1009): Illuminate\\Foundation\\PackageManifest->Illuminate\\Foundation\\{closure}(Array, 'packages')
#2 C:\\laragon\\www\\cadastro-clientes-laravel\\vendor\\laravel\\framework\\src\\Illuminate\\Foundation\\PackageManifest.php(121): Illuminate\\Support\\Collection->mapWithKeys(Object(Closure))
#3 C:\\laragon\\www\\cadastro-clientes-laravel\\vendor\\laravel\\framework\\src\\Illuminate\\Foundation\\PackageManifest.php(97): Illuminate\\Foundation\\PackageManifest->build()
#4 C:\\laragon\\www\\cadastro-clientes-laravel\\vendor\\laravel\\framework\\src\\Illuminate\\Foundation\\PackageManifest.php(80): Illuminate\\Foundation\\PackageManifest->getManifest()
#5 C:\\laragon\\www\\cadastro-clientes-laravel\\vendor\\laravel\\framework\\src\\Illuminate\\Foundation\\Bootstrap\\RegisterFacades.php(26): Illuminate\\Foundation\\PackageManifest->aliases()
#6 C:\\laragon\\www\\cadastro-clientes-laravel\\vendor\\laravel\\framework\\src\\Illuminate\\Foundation\\Application.php(206): Illuminate\\Foundation\\Bootstrap\\RegisterFacades->bootstrap(Object(Illuminate\\Foundation\\Application))
#7 C:\\laragon\\www\\cadastro-clientes-laravel\\vendor\\laravel\\framework\\src\\Illuminate\\Foundation\\Console\\Kernel.php(297): Illuminate\\Foundation\\Application->bootstrapWith(Array)
#8 C:\\laragon\\www\\cadastro-clientes-laravel\\vendor\\laravel\\framework\\src\\Illuminate\\Foundation\\Console\\Kernel.php(120): Illuminate\\Foundation\\Console\\Kernel->bootstrap()
#9 C:\\laragon\\www\\cadastro-clientes-laravel\\artisan(37): Illuminate\\Foundation\\Console\\Kernel->handle(Object(Symfony\\Component\\Console\\Input\\ArgvInput), Object(Symfony\\Component\\Console\\Output\\ConsoleOutput))
#10 {main}
"} 
[2021-09-04 07:02:56] local.ERROR: Undefined index: name {"exception":"[object] (ErrorException(code: 0): Undefined index: name at C:\\laragon\\www\\cadastro-clientes-laravel\\vendor\\laravel\\framework\\src\\Illuminate\\Foundation\\PackageManifest.php:120)
[stacktrace]
#0 C:\\laragon\\www\\cadastro-clientes-laravel\\vendor\\laravel\\framework\\src\\Illuminate\\Foundation\\PackageManifest.php(120): Illuminate\\Foundation\\Bootstrap\\HandleExceptions->handleError(8, 'Undefined index...', 'C:\\\\laragon\\\\www\\\\...', 120, Array)
#1 C:\\laragon\\www\\cadastro-clientes-laravel\\vendor\\laravel\\framework\\src\\Illuminate\\Support\\Collection.php(1009): Illuminate\\Foundation\\PackageManifest->Illuminate\\Foundation\\{closure}(Array, 'packages')
#2 C:\\laragon\\www\\cadastro-clientes-laravel\\vendor\\laravel\\framework\\src\\Illuminate\\Foundation\\PackageManifest.php(121): Illuminate\\Support\\Collection->mapWithKeys(Object(Closure))
#3 C:\\laragon\\www\\cadastro-clientes-laravel\\vendor\\laravel\\framework\\src\\Illuminate\\Foundation\\PackageManifest.php(97): Illuminate\\Foundation\\PackageManifest->build()
#4 C:\\laragon\\www\\cadastro-clientes-laravel\\vendor\\laravel\\framework\\src\\Illuminate\\Foundation\\PackageManifest.php(80): Illuminate\\Foundation\\PackageManifest->getManifest()
#5 C:\\laragon\\www\\cadastro-clientes-laravel\\vendor\\laravel\\framework\\src\\Illuminate\\Foundation\\Bootstrap\\RegisterFacades.php(26): Illuminate\\Foundation\\PackageManifest->aliases()
#6 C:\\laragon\\www\\cadastro-clientes-laravel\\vendor\\laravel\\framework\\src\\Illuminate\\Foundation\\Application.php(206): Illuminate\\Foundation\\Bootstrap\\RegisterFacades->bootstrap(Object(Illuminate\\Foundation\\Application))
#7 C:\\laragon\\www\\cadastro-clientes-laravel\\vendor\\laravel\\framework\\src\\Illuminate\\Foundation\\Console\\Kernel.php(297): Illuminate\\Foundation\\Application->bootstrapWith(Array)
#8 C:\\laragon\\www\\cadastro-clientes-laravel\\vendor\\laravel\\framework\\src\\Illuminate\\Foundation\\Console\\Kernel.php(120): Illuminate\\Foundation\\Console\\Kernel->bootstrap()
#9 C:\\laragon\\www\\cadastro-clientes-laravel\\artisan(37): Illuminate\\Foundation\\Console\\Kernel->handle(Object(Symfony\\Component\\Console\\Input\\ArgvInput), Object(Symfony\\Component\\Console\\Output\\ConsoleOutput))
#10 {main}
"} 
[2021-09-04 07:03:50] local.ERROR: Undefined index: name {"exception":"[object] (ErrorException(code: 0): Undefined index: name at C:\\laragon\\www\\cadastro-clientes-laravel\\vendor\\laravel\\framework\\src\\Illuminate\\Foundation\\PackageManifest.php:120)
[stacktrace]
#0 C:\\laragon\\www\\cadastro-clientes-laravel\\vendor\\laravel\\framework\\src\\Illuminate\\Foundation\\PackageManifest.php(120): Illuminate\\Foundation\\Bootstrap\\HandleExceptions->handleError(8, 'Undefined index...', 'C:\\\\laragon\\\\www\\\\...', 120, Array)
#1 C:\\laragon\\www\\cadastro-clientes-laravel\\vendor\\laravel\\framework\\src\\Illuminate\\Support\\Collection.php(1009): Illuminate\\Foundation\\PackageManifest->Illuminate\\Foundation\\{closure}(Array, 'packages')
#2 C:\\laragon\\www\\cadastro-clientes-laravel\\vendor\\laravel\\framework\\src\\Illuminate\\Foundation\\PackageManifest.php(121): Illuminate\\Support\\Collection->mapWithKeys(Object(Closure))
#3 C:\\laragon\\www\\cadastro-clientes-laravel\\vendor\\laravel\\framework\\src\\Illuminate\\Foundation\\PackageManifest.php(97): Illuminate\\Foundation\\PackageManifest->build()
#4 C:\\laragon\\www\\cadastro-clientes-laravel\\vendor\\laravel\\framework\\src\\Illuminate\\Foundation\\PackageManifest.php(80): Illuminate\\Foundation\\PackageManifest->getManifest()
#5 C:\\laragon\\www\\cadastro-clientes-laravel\\vendor\\laravel\\framework\\src\\Illuminate\\Foundation\\Bootstrap\\RegisterFacades.php(26): Illuminate\\Foundation\\PackageManifest->aliases()
#6 C:\\laragon\\www\\cadastro-clientes-laravel\\vendor\\laravel\\framework\\src\\Illuminate\\Foundation\\Application.php(206): Illuminate\\Foundation\\Bootstrap\\RegisterFacades->bootstrap(Object(Illuminate\\Foundation\\Application))
#7 C:\\laragon\\www\\cadastro-clientes-laravel\\vendor\\laravel\\framework\\src\\Illuminate\\Foundation\\Console\\Kernel.php(297): Illuminate\\Foundation\\Application->bootstrapWith(Array)
#8 C:\\laragon\\www\\cadastro-clientes-laravel\\vendor\\laravel\\framework\\src\\Illuminate\\Foundation\\Console\\Kernel.php(120): Illuminate\\Foundation\\Console\\Kernel->bootstrap()
#9 C:\\laragon\\www\\cadastro-clientes-laravel\\artisan(37): Illuminate\\Foundation\\Console\\Kernel->handle(Object(Symfony\\Component\\Console\\Input\\ArgvInput), Object(Symfony\\Component\\Console\\Output\\ConsoleOutput))
#10 {main}
"} 
[2021-09-04 07:08:17] local.ERROR: SQLSTATE[42S02]: Base table or view not found: 1146 Table 'tx.users' doesn't exist (SQL: select count(*) as aggregate from `users` where `email` = andregds85@gmail.com) {"exception":"[object] (Illuminate\\Database\\QueryException(code: 42S02): SQLSTATE[42S02]: Base table or view not found: 1146 Table 'tx.users' doesn't exist (SQL: select count(*) as aggregate from `users` where `email` = andregds85@gmail.com) at C:\\laragon\\www\\cadastro-clientes-laravel\\vendor\\laravel\\framework\\src\\Illuminate\\Database\\Connection.php:664, PDOException(code: 42S02): SQLSTATE[42S02]: Base table or view not found: 1146 Table 'tx.users' doesn't exist at C:\\laragon\\www\\cadastro-clientes-laravel\\vendor\\laravel\\framework\\src\\Illuminate\\Database\\Connection.php:326)
[stacktrace]
#0 C:\\laragon\\www\\cadastro-clientes-laravel\\vendor\\laravel\\framework\\src\\Illuminate\\Database\\Connection.php(624): Illuminate\\Database\\Connection->runQueryCallback('select count(*)...', Array, Object(Closure))
#1 C:\\laragon\\www\\cadastro-clientes-laravel\\vendor\\laravel\\framework\\src\\Illuminate\\Database\\Connection.php(333): Illuminate\\Database\\Connection->run('select count(*)...', Array, Object(Closure))
#2 C:\\laragon\\www\\cadastro-clientes-laravel\\vendor\\laravel\\framework\\src\\Illuminate\\Database\\Query\\Builder.php(1963): Illuminate\\Database\\Connection->select('select count(*)...', Array, false)
#3 C:\\laragon\\www\\cadastro-clientes-laravel\\vendor\\laravel\\framework\\src\\Illuminate\\Database\\Query\\Builder.php(1951): Illuminate\\Database\\Query\\Builder->runSelect()
#4 C:\\laragon\\www\\cadastro-clientes-laravel\\vendor\\laravel\\framework\\src\\Illuminate\\Database\\Query\\Builder.php(2435): Illuminate\\Database\\Query\\Builder->Illuminate\\Database\\Query\\{closure}()
#5 C:\\laragon\\www\\cadastro-clientes-laravel\\vendor\\laravel\\framework\\src\\Illuminate\\Database\\Query\\Builder.php(1952): Illuminate\\Database\\Query\\Builder->onceWithColumns(Array, Object(Closure))
#6 C:\\laragon\\www\\cadastro-clientes-laravel\\vendor\\laravel\\framework\\src\\Illuminate\\Database\\Query\\Builder.php(2362): Illuminate\\Database\\Query\\Builder->get(Array)
#7 C:\\laragon\\www\\cadastro-clientes-laravel\\vendor\\laravel\\framework\\src\\Illuminate\\Database\\Query\\Builder.php(2290): Illuminate\\Database\\Query\\Builder->aggregate('count', Array)
#8 C:\\laragon\\www\\cadastro-clientes-laravel\\vendor\\laravel\\framework\\src\\Illuminate\\Validation\\DatabasePresenceVerifier.php(55): Illuminate\\Database\\Query\\Builder->count()
#9 C:\\laragon\\www\\cadastro-clientes-laravel\\vendor\\laravel\\framework\\src\\Illuminate\\Validation\\Concerns\\ValidatesAttributes.php(687): Illuminate\\Validation\\DatabasePresenceVerifier->getCount('users', 'email', 'andregds85@gmai...', NULL, NULL, Array)
#10 C:\\laragon\\www\\cadastro-clientes-laravel\\vendor\\laravel\\framework\\src\\Illuminate\\Validation\\Validator.php(365): Illuminate\\Validation\\Validator->validateUnique('email', 'andregds85@gmai...', Array, Object(Illuminate\\Validation\\Validator))
#11 C:\\laragon\\www\\cadastro-clientes-laravel\\vendor\\laravel\\framework\\src\\Illuminate\\Validation\\Validator.php(268): Illuminate\\Validation\\Validator->validateAttribute('email', 'Unique')
#12 C:\\laragon\\www\\cadastro-clientes-laravel\\vendor\\laravel\\framework\\src\\Illuminate\\Validation\\Validator.php(293): Illuminate\\Validation\\Validator->passes()
#13 C:\\laragon\\www\\cadastro-clientes-laravel\\vendor\\laravel\\framework\\src\\Illuminate\\Validation\\Validator.php(305): Illuminate\\Validation\\Validator->fails()
#14 C:\\laragon\\www\\cadastro-clientes-laravel\\vendor\\laravel\\framework\\src\\Illuminate\\Foundation\\Auth\\RegistersUsers.php(31): Illuminate\\Validation\\Validator->validate()
#15 [internal function]: App\\Http\\Controllers\\Auth\\RegisterController->register(Object(Illuminate\\Http\\Request))
#16 C:\\laragon\\www\\cadastro-clientes-laravel\\vendor\\laravel\\framework\\src\\Illuminate\\Routing\\Controller.php(54): call_user_func_array(Array, Array)
#17 C:\\laragon\\www\\cadastro-clientes-laravel\\vendor\\laravel\\framework\\src\\Illuminate\\Routing\\ControllerDispatcher.php(45): Illuminate\\Routing\\Controller->callAction('register', Array)
#18 C:\\laragon\\www\\cadastro-clientes-laravel\\vendor\\laravel\\framework\\src\\Illuminate\\Routing\\Route.php(212): Illuminate\\Routing\\ControllerDispatcher->dispatch(Object(Illuminate\\Routing\\Route), Object(App\\Http\\Controllers\\Auth\\RegisterController), 'register')
#19 C:\\laragon\\www\\cadastro-clientes-laravel\\vendor\\laravel\\framework\\src\\Illuminate\\Routing\\Route.php(169): Illuminate\\Routing\\Route->runController()
#20 C:\\laragon\\www\\cadastro-clientes-laravel\\vendor\\laravel\\framework\\src\\Illuminate\\Routing\\Router.php(665): Illuminate\\Routing\\Route->run()
#21 C:\\laragon\\www\\cadastro-clientes-laravel\\vendor\\laravel\\framework\\src\\Illuminate\\Routing\\Pipeline.php(30): Illuminate\\Routing\\Router->Illuminate\\Routing\\{closure}(Object(Illuminate\\Http\\Request))
#22 C:\\laragon\\www\\cadastro-clientes-laravel\\app\\Http\\Middleware\\RedirectIfAuthenticated.php(24): Illuminate\\Routing\\Pipeline->Illuminate\\Routing\\{closure}(Object(Illuminate\\Http\\Request))
#23 C:\\laragon\\www\\cadastro-clientes-laravel\\vendor\\laravel\\framework\\src\\Illuminate\\Pipeline\\Pipeline.php(151): App\\Http\\Middleware\\RedirectIfAuthenticated->handle(Object(Illuminate\\Http\\Request), Object(Closure))
#24 C:\\laragon\\www\\cadastro-clientes-laravel\\vendor\\laravel\\framework\\src\\Illuminate\\Routing\\Pipeline.php(53): Illuminate\\Pipeline\\Pipeline->Illuminate\\Pipeline\\{closure}(Object(Illuminate\\Http\\Request))
#25 C:\\laragon\\www\\cadastro-clientes-laravel\\vendor\\laravel\\framework\\src\\Illuminate\\Routing\\Middleware\\SubstituteBindings.php(41): Illuminate\\Routing\\Pipeline->Illuminate\\Routing\\{closure}(Object(Illuminate\\Http\\Request))
#26 C:\\laragon\\www\\cadastro-clientes-laravel\\vendor\\laravel\\framework\\src\\Illuminate\\Pipeline\\Pipeline.php(151): Illuminate\\Routing\\Middleware\\SubstituteBindings->handle(Object(Illuminate\\Http\\Request), Object(Closure))
#27 C:\\laragon\\www\\cadastro-clientes-laravel\\vendor\\laravel\\framework\\src\\Illuminate\\Routing\\Pipeline.php(53): Illuminate\\Pipeline\\Pipeline->Illuminate\\Pipeline\\{closure}(Object(Illuminate\\Http\\Request))
#28 C:\\laragon\\www\\cadastro-clientes-laravel\\vendor\\laravel\\framework\\src\\Illuminate\\Foundation\\Http\\Middleware\\VerifyCsrfToken.php(68): Illuminate\\Routing\\Pipeline->Illuminate\\Routing\\{closure}(Object(Illuminate\\Http\\Request))
#29 C:\\laragon\\www\\cadastro-clientes-laravel\\vendor\\laravel\\framework\\src\\Illuminate\\Pipeline\\Pipeline.php(151): Illuminate\\Foundation\\Http\\Middleware\\VerifyCsrfToken->handle(Object(Illuminate\\Http\\Request), Object(Closure))
#30 C:\\laragon\\www\\cadastro-clientes-laravel\\vendor\\laravel\\framework\\src\\Illuminate\\Routing\\Pipeline.php(53): Illuminate\\Pipeline\\Pipeline->Illuminate\\Pipeline\\{closure}(Object(Illuminate\\Http\\Request))
#31 C:\\laragon\\www\\cadastro-clientes-laravel\\vendor\\laravel\\framework\\src\\Illuminate\\View\\Middleware\\ShareErrorsFromSession.php(49): Illuminate\\Routing\\Pipeline->Illuminate\\Routing\\{closure}(Object(Illuminate\\Http\\Request))
#32 C:\\laragon\\www\\cadastro-clientes-laravel\\vendor\\laravel\\framework\\src\\Illuminate\\Pipeline\\Pipeline.php(151): Illuminate\\View\\Middleware\\ShareErrorsFromSession->handle(Object(Illuminate\\Http\\Request), Object(Closure))
#33 C:\\laragon\\www\\cadastro-clientes-laravel\\vendor\\laravel\\framework\\src\\Illuminate\\Routing\\Pipeline.php(53): Illuminate\\Pipeline\\Pipeline->Illuminate\\Pipeline\\{closure}(Object(Illuminate\\Http\\Request))
#34 C:\\laragon\\www\\cadastro-clientes-laravel\\vendor\\laravel\\framework\\src\\Illuminate\\Session\\Middleware\\StartSession.php(63): Illuminate\\Routing\\Pipeline->Illuminate\\Routing\\{closure}(Object(Illuminate\\Http\\Request))
#35 C:\\laragon\\www\\cadastro-clientes-laravel\\vendor\\laravel\\framework\\src\\Illuminate\\Pipeline\\Pipeline.php(151): Illuminate\\Session\\Middleware\\StartSession->handle(Object(Illuminate\\Http\\Request), Object(Closure))
#36 C:\\laragon\\www\\cadastro-clientes-laravel\\vendor\\laravel\\framework\\src\\Illuminate\\Routing\\Pipeline.php(53): Illuminate\\Pipeline\\Pipeline->Illuminate\\Pipeline\\{closure}(Object(Illuminate\\Http\\Request))
#37 C:\\laragon\\www\\cadastro-clientes-laravel\\vendor\\laravel\\framework\\src\\Illuminate\\Cookie\\Middleware\\AddQueuedCookiesToResponse.php(37): Illuminate\\Routing\\Pipeline->Illuminate\\Routing\\{closure}(Object(Illuminate\\Http\\Request))
#38 C:\\laragon\\www\\cadastro-clientes-laravel\\vendor\\laravel\\framework\\src\\Illuminate\\Pipeline\\Pipeline.php(151): Illuminate\\Cookie\\Middleware\\AddQueuedCookiesToResponse->handle(Object(Illuminate\\Http\\Request), Object(Closure))
#39 C:\\laragon\\www\\cadastro-clientes-laravel\\vendor\\laravel\\framework\\src\\Illuminate\\Routing\\Pipeline.php(53): Illuminate\\Pipeline\\Pipeline->Illuminate\\Pipeline\\{closure}(Object(Illuminate\\Http\\Request))
#40 C:\\laragon\\www\\cadastro-clientes-laravel\\vendor\\laravel\\framework\\src\\Illuminate\\Cookie\\Middleware\\EncryptCookies.php(66): Illuminate\\Routing\\Pipeline->Illuminate\\Routing\\{closure}(Object(Illuminate\\Http\\Request))
#41 C:\\laragon\\www\\cadastro-clientes-laravel\\vendor\\laravel\\framework\\src\\Illuminate\\Pipeline\\Pipeline.php(151): Illuminate\\Cookie\\Middleware\\EncryptCookies->handle(Object(Illuminate\\Http\\Request), Object(Closure))
#42 C:\\laragon\\www\\cadastro-clientes-laravel\\vendor\\laravel\\framework\\src\\Illuminate\\Routing\\Pipeline.php(53): Illuminate\\Pipeline\\Pipeline->Illuminate\\Pipeline\\{closure}(Object(Illuminate\\Http\\Request))
#43 C:\\laragon\\www\\cadastro-clientes-laravel\\vendor\\laravel\\framework\\src\\Illuminate\\Pipeline\\Pipeline.php(104): Illuminate\\Routing\\Pipeline->Illuminate\\Routing\\{closure}(Object(Illuminate\\Http\\Request))
#44 C:\\laragon\\www\\cadastro-clientes-laravel\\vendor\\laravel\\framework\\src\\Illuminate\\Routing\\Router.php(667): Illuminate\\Pipeline\\Pipeline->then(Object(Closure))
#45 C:\\laragon\\www\\cadastro-clientes-laravel\\vendor\\laravel\\framework\\src\\Illuminate\\Routing\\Router.php(642): Illuminate\\Routing\\Router->runRouteWithinStack(Object(Illuminate\\Routing\\Route), Object(Illuminate\\Http\\Request))
#46 C:\\laragon\\www\\cadastro-clientes-laravel\\vendor\\laravel\\framework\\src\\Illuminate\\Routing\\Router.php(608): Illuminate\\Routing\\Router->runRoute(Object(Illuminate\\Http\\Request), Object(Illuminate\\Routing\\Route))
#47 C:\\laragon\\www\\cadastro-clientes-laravel\\vendor\\laravel\\framework\\src\\Illuminate\\Routing\\Router.php(597): Illuminate\\Routing\\Router->dispatchToRoute(Object(Illuminate\\Http\\Request))
#48 C:\\laragon\\www\\cadastro-clientes-laravel\\vendor\\laravel\\framework\\src\\Illuminate\\Foundation\\Http\\Kernel.php(176): Illuminate\\Routing\\Router->dispatch(Object(Illuminate\\Http\\Request))
#49 C:\\laragon\\www\\cadastro-clientes-laravel\\vendor\\laravel\\framework\\src\\Illuminate\\Routing\\Pipeline.php(30): Illuminate\\Foundation\\Http\\Kernel->Illuminate\\Foundation\\Http\\{closure}(Object(Illuminate\\Http\\Request))
#50 C:\\laragon\\www\\cadastro-clientes-laravel\\vendor\\fideloper\\proxy\\src\\TrustProxies.php(57): Illuminate\\Routing\\Pipeline->Illuminate\\Routing\\{closure}(Object(Illuminate\\Http\\Request))
#51 C:\\laragon\\www\\cadastro-clientes-laravel\\vendor\\laravel\\framework\\src\\Illuminate\\Pipeline\\Pipeline.php(151): Fideloper\\Proxy\\TrustProxies->handle(Object(Illuminate\\Http\\Request), Object(Closure))
#52 C:\\laragon\\www\\cadastro-clientes-laravel\\vendor\\laravel\\framework\\src\\Illuminate\\Routing\\Pipeline.php(53): Illuminate\\Pipeline\\Pipeline->Illuminate\\Pipeline\\{closure}(Object(Illuminate\\Http\\Request))
#53 C:\\laragon\\www\\cadastro-clientes-laravel\\vendor\\laravel\\framework\\src\\Illuminate\\Foundation\\Http\\Middleware\\TransformsRequest.php(31): Illuminate\\Routing\\Pipeline->Illuminate\\Routing\\{closure}(Object(Illuminate\\Http\\Request))
#54 C:\\laragon\\www\\cadastro-clientes-laravel\\vendor\\laravel\\framework\\src\\Illuminate\\Pipeline\\Pipeline.php(151): Illuminate\\Foundation\\Http\\Middleware\\TransformsRequest->handle(Object(Illuminate\\Http\\Request), Object(Closure))
#55 C:\\laragon\\www\\cadastro-clientes-laravel\\vendor\\laravel\\framework\\src\\Illuminate\\Routing\\Pipeline.php(53): Illuminate\\Pipeline\\Pipeline->Illuminate\\Pipeline\\{closure}(Object(Illuminate\\Http\\Request))
#56 C:\\laragon\\www\\cadastro-clientes-laravel\\vendor\\laravel\\framework\\src\\Illuminate\\Foundation\\Http\\Middleware\\TransformsRequest.php(31): Illuminate\\Routing\\Pipeline->Illuminate\\Routing\\{closure}(Object(Illuminate\\Http\\Request))
#57 C:\\laragon\\www\\cadastro-clientes-laravel\\vendor\\laravel\\framework\\src\\Illuminate\\Pipeline\\Pipeline.php(151): Illuminate\\Foundation\\Http\\Middleware\\TransformsRequest->handle(Object(Illuminate\\Http\\Request), Object(Closure))
#58 C:\\laragon\\www\\cadastro-clientes-laravel\\vendor\\laravel\\framework\\src\\Illuminate\\Routing\\Pipeline.php(53): Illuminate\\Pipeline\\Pipeline->Illuminate\\Pipeline\\{closure}(Object(Illuminate\\Http\\Request))
#59 C:\\laragon\\www\\cadastro-clientes-laravel\\vendor\\laravel\\framework\\src\\Illuminate\\Foundation\\Http\\Middleware\\ValidatePostSize.php(27): Illuminate\\Routing\\Pipeline->Illuminate\\Routing\\{closure}(Object(Illuminate\\Http\\Request))
#60 C:\\laragon\\www\\cadastro-clientes-laravel\\vendor\\laravel\\framework\\src\\Illuminate\\Pipeline\\Pipeline.php(151): Illuminate\\Foundation\\Http\\Middleware\\ValidatePostSize->handle(Object(Illuminate\\Http\\Request), Object(Closure))
#61 C:\\laragon\\www\\cadastro-clientes-laravel\\vendor\\laravel\\framework\\src\\Illuminate\\Routing\\Pipeline.php(53): Illuminate\\Pipeline\\Pipeline->Illuminate\\Pipeline\\{closure}(Object(Illuminate\\Http\\Request))
#62 C:\\laragon\\www\\cadastro-clientes-laravel\\vendor\\laravel\\framework\\src\\Illuminate\\Foundation\\Http\\Middleware\\CheckForMaintenanceMode.php(62): Illuminate\\Routing\\Pipeline->Illuminate\\Routing\\{closure}(Object(Illuminate\\Http\\Request))
#63 C:\\laragon\\www\\cadastro-clientes-laravel\\vendor\\laravel\\framework\\src\\Illuminate\\Pipeline\\Pipeline.php(151): Illuminate\\Foundation\\Http\\Middleware\\CheckForMaintenanceMode->handle(Object(Illuminate\\Http\\Request), Object(Closure))
#64 C:\\laragon\\www\\cadastro-clientes-laravel\\vendor\\laravel\\framework\\src\\Illuminate\\Routing\\Pipeline.php(53): Illuminate\\Pipeline\\Pipeline->Illuminate\\Pipeline\\{closure}(Object(Illuminate\\Http\\Request))
#65 C:\\laragon\\www\\cadastro-clientes-laravel\\vendor\\laravel\\framework\\src\\Illuminate\\Pipeline\\Pipeline.php(104): Illuminate\\Routing\\Pipeline->Illuminate\\Routing\\{closure}(Object(Illuminate\\Http\\Request))
#66 C:\\laragon\\www\\cadastro-clientes-laravel\\vendor\\laravel\\framework\\src\\Illuminate\\Foundation\\Http\\Kernel.php(151): Illuminate\\Pipeline\\Pipeline->then(Object(Closure))
#67 C:\\laragon\\www\\cadastro-clientes-laravel\\vendor\\laravel\\framework\\src\\Illuminate\\Foundation\\Http\\Kernel.php(116): Illuminate\\Foundation\\Http\\Kernel->sendRequestThroughRouter(Object(Illuminate\\Http\\Request))
#68 C:\\laragon\\www\\cadastro-clientes-laravel\\public\\index.php(57): Illuminate\\Foundation\\Http\\Kernel->handle(Object(Illuminate\\Http\\Request))
#69 C:\\laragon\\www\\cadastro-clientes-laravel\\server.php(21): require_once('C:\\\\laragon\\\\www\\\\...')
#70 {main}
"} 
